2021-11-16 16:49:55,893 - root - INFO - Folder is currently empty
2021-11-16 16:49:58,895 - root - INFO - Folder is currently empty
2021-11-16 16:50:01,896 - root - INFO - Folder is currently empty
2021-11-16 16:50:04,906 - root - INFO - Folder is currently empty
2021-11-16 16:50:07,919 - root - INFO - Folder is currently empty
2021-11-16 16:50:10,931 - root - INFO - Folder is currently empty
2021-11-16 16:50:13,939 - root - INFO - Folder is currently empty
2021-11-16 16:50:16,954 - root - INFO - Folder is currently empty
2021-11-16 16:50:19,963 - root - INFO - Folder is currently empty
2021-11-16 16:50:22,987 - root - INFO - Folder is currently empty
2021-11-16 16:50:25,994 - root - INFO - Folder is currently empty
2021-11-16 16:50:28,997 - root - INFO - Folder is currently empty
2021-11-16 16:50:32,004 - root - INFO - Folder is currently empty
2021-11-16 16:50:35,008 - root - INFO - Folder is currently empty
2021-11-16 16:50:38,022 - root - INFO - Folder is currently empty
2021-11-16 16:50:41,024 - root - INFO - Folder is currently empty
2021-11-16 16:50:44,032 - root - INFO - Folder is currently empty
2021-11-16 16:50:47,046 - root - INFO - Folder is currently empty
2021-11-16 16:50:50,049 - root - INFO - Folder is currently empty
2021-11-16 16:50:53,054 - root - INFO - Folder is currently empty
2021-11-16 16:50:56,061 - root - INFO - Folder is currently empty
2021-11-16 16:50:59,071 - root - INFO - Folder is currently empty
2021-11-16 16:51:02,078 - root - INFO - Folder is currently empty
2021-11-16 16:51:02,135 - root - INFO - following files detected: ['file1.txt']
2021-11-16 16:51:02,136 - root - INFO - File file1.txt copied to processed_history folder
2021-11-16 16:51:02,136 - root - INFO - File file1.txt copied to output folder
2021-11-16 16:51:02,136 - root - INFO - All files processed successfully
2021-11-16 16:51:05,091 - root - INFO - Folder is currently empty
2021-11-16 16:51:08,104 - root - INFO - Folder is currently empty
2021-11-16 16:51:11,119 - root - INFO - Folder is currently empty
2021-11-16 16:51:14,127 - root - INFO - Folder is currently empty
2021-11-16 16:51:17,138 - root - INFO - Folder is currently empty
2021-11-16 16:51:20,140 - root - INFO - Folder is currently empty
2021-11-16 16:51:23,146 - root - INFO - Folder is currently empty
2021-11-16 16:51:26,154 - root - INFO - Folder is currently empty
2021-11-16 16:51:29,162 - root - INFO - Folder is currently empty
2021-11-16 16:51:32,164 - root - INFO - Folder is currently empty
2021-11-16 16:51:35,164 - root - INFO - Folder is currently empty
2021-11-16 16:51:38,177 - root - INFO - Folder is currently empty
2021-11-16 16:51:41,191 - root - INFO - Folder is currently empty
2021-11-16 16:51:44,200 - root - INFO - Folder is currently empty
2021-11-16 16:51:47,209 - root - INFO - Folder is currently empty
2021-11-16 16:51:50,221 - root - INFO - Folder is currently empty
2021-11-16 16:51:53,233 - root - INFO - Folder is currently empty
2021-11-16 16:51:56,241 - root - INFO - Folder is currently empty
2021-11-16 16:51:59,245 - root - INFO - Folder is currently empty
2021-11-16 16:52:02,250 - root - INFO - Folder is currently empty
2021-11-16 16:52:05,261 - root - INFO - Folder is currently empty
2021-11-16 16:52:08,276 - root - INFO - Folder is currently empty
2021-11-16 16:52:11,282 - root - INFO - Folder is currently empty
2021-11-16 16:52:14,290 - root - INFO - Folder is currently empty
2021-11-16 16:52:17,304 - root - INFO - Folder is currently empty
2021-11-16 16:52:20,311 - root - INFO - Folder is currently empty
2021-11-16 16:52:23,311 - root - INFO - Folder is currently empty
2021-11-16 16:52:26,317 - root - INFO - Folder is currently empty
2021-11-16 16:52:29,332 - root - INFO - Folder is currently empty
